2025-12-05 11:42:38,623 - INFO - --- INÍCIO DO PIPELINE ETL ---
2025-12-05 11:42:49,044 - INFO - Iniciando Extração dos Produtos.
2025-12-05 11:43:15,259 - WARNING - Produto 'P002' - 'Notebook Ultraline' ignorado por falta da tag desconto.
2025-12-05 11:43:34,528 - INFO - Iniciando Transformação de dados.
2025-12-05 11:43:41,608 - INFO - Conversão Numérica
2025-12-05 11:43:52,247 - INFO - Transformando desconto (Ex: 10% OFF) em float (desconto_percentual).
2025-12-05 11:43:53,917 - INFO - Normalizando a avaliação para uma escala de 0 a 100 (avaliacao_percentual)
2025-12-05 11:43:56,395 - INFO - Formatação de Data
2025-12-05 11:43:57,547 - INFO - Cálculo do preço líquido
2025-12-05 11:44:01,728 - INFO - Transformação Concluída. DataFrame transformado contém:
2025-12-05 11:44:02,722 - INFO - Dimensões: (3, 6)
2025-12-05 11:44:03,485 - INFO - Colunas: ['nome', 'preco_numerico', 'desconto_percentual', 'preco_liquido', 'avaliacao_percentual', 'data']
2025-12-05 11:44:05,644 - INFO - Iniciando Carregamento de dados para o arquivo: C://Nuvem//POS//Mineração de Texto na Web//Desafio1//ofertas_calculadas.csv
2025-12-05 11:44:05,772 - INFO - Carregamento Concluído. 3 registros salvos em 'C://Nuvem//POS//Mineração de Texto na Web//Desafio1//ofertas_calculadas.csv'.
2025-12-05 11:44:07,952 - INFO - --- FIM DO PIPELINE ETL ---
2025-12-05 11:45:18,055 - INFO - --- INÍCIO DO PIPELINE ETL ---
2025-12-05 11:45:18,055 - INFO - Iniciando Extração dos Produtos.
2025-12-05 11:45:18,055 - WARNING - Produto 'P002' - 'Notebook Ultraline' ignorado por falta da tag desconto.
2025-12-05 11:45:18,055 - INFO - Iniciando Transformação de dados.
2025-12-05 11:45:18,055 - INFO - Conversão Numérica
2025-12-05 11:45:18,055 - INFO - Transformando desconto (Ex: 10% OFF) em float (desconto_percentual).
2025-12-05 11:45:18,055 - INFO - Normalizando a avaliação para uma escala de 0 a 100 (avaliacao_percentual)
2025-12-05 11:45:18,064 - INFO - Formatação de Data
2025-12-05 11:45:18,064 - INFO - Cálculo do preço líquido
2025-12-05 11:45:18,066 - INFO - Transformação Concluída. DataFrame transformado contém:
2025-12-05 11:45:18,066 - INFO - Dimensões: (3, 6)
2025-12-05 11:45:18,066 - INFO - Colunas: ['nome', 'preco_numerico', 'desconto_percentual', 'preco_liquido', 'avaliacao_percentual', 'data']
2025-12-05 11:45:18,066 - INFO - Iniciando Carregamento de dados para o arquivo: C://Nuvem//POS//Mineração de Texto na Web//Desafio1//ofertas_calculadas.csv
2025-12-05 11:45:18,147 - INFO - Carregamento Concluído. 3 registros salvos em 'C://Nuvem//POS//Mineração de Texto na Web//Desafio1//ofertas_calculadas.csv'.
2025-12-05 11:45:18,148 - INFO - --- FIM DO PIPELINE ETL ---
2025-12-05 11:45:42,927 - INFO - --- INÍCIO DO PIPELINE ETL ---
2025-12-05 11:45:42,928 - INFO - Iniciando Extração dos Produtos.
2025-12-05 11:45:42,928 - WARNING - Produto 'P002' - 'Notebook Ultraline' ignorado por falta da tag desconto.
2025-12-05 11:45:42,929 - INFO - Iniciando Transformação de dados.
2025-12-05 11:45:42,930 - INFO - Conversão Numérica
2025-12-05 11:45:42,933 - INFO - Transformando desconto (Ex: 10% OFF) em float (desconto_percentual).
2025-12-05 11:45:42,934 - INFO - Normalizando a avaliação para uma escala de 0 a 100 (avaliacao_percentual)
2025-12-05 11:45:42,934 - INFO - Formatação de Data
2025-12-05 11:45:42,935 - INFO - Cálculo do preço líquido
2025-12-05 11:45:42,936 - INFO - Transformação Concluída. DataFrame transformado contém:
2025-12-05 11:45:42,937 - INFO - Dimensões: (3, 6)
2025-12-05 11:45:42,937 - INFO - Colunas: ['nome', 'preco_numerico', 'desconto_percentual', 'preco_liquido', 'avaliacao_percentual', 'data']
2025-12-05 11:45:42,937 - INFO - Iniciando Carregamento de dados para o arquivo: C://Nuvem//POS//Mineração de Texto na Web//Desafio1//ofertas_calculadas.csv
2025-12-05 11:45:42,989 - INFO - Carregamento Concluído. 3 registros salvos em 'C://Nuvem//POS//Mineração de Texto na Web//Desafio1//ofertas_calculadas.csv'.
2025-12-05 11:45:42,997 - INFO - --- FIM DO PIPELINE ETL ---
2025-12-05 11:46:12,837 - INFO - --- INÍCIO DO PIPELINE ETL ---
2025-12-05 11:46:12,838 - INFO - Iniciando Extração dos Produtos.
2025-12-05 11:46:12,839 - WARNING - Produto 'P002' - 'Notebook Ultraline' ignorado por falta da tag desconto.
2025-12-05 11:46:12,839 - INFO - Iniciando Transformação de dados.
2025-12-05 11:46:12,839 - INFO - Conversão Numérica
2025-12-05 11:46:12,842 - INFO - Transformando desconto (Ex: 10% OFF) em float (desconto_percentual).
2025-12-05 11:46:12,843 - INFO - Normalizando a avaliação para uma escala de 0 a 100 (avaliacao_percentual)
2025-12-05 11:46:12,844 - INFO - Formatação de Data
2025-12-05 11:46:12,844 - INFO - Cálculo do preço líquido
2025-12-05 11:46:12,845 - INFO - Transformação Concluída. DataFrame transformado contém:
2025-12-05 11:46:12,846 - INFO - Dimensões: (3, 6)
2025-12-05 11:46:12,846 - INFO - Colunas: ['nome', 'preco_numerico', 'desconto_percentual', 'preco_liquido', 'avaliacao_percentual', 'data']
2025-12-05 11:46:12,846 - INFO - Iniciando Carregamento de dados para o arquivo: C://Nuvem//POS//Mineração de Texto na Web//Desafio1//ofertas_calculadas.csv
2025-12-05 11:46:12,913 - INFO - Carregamento Concluído. 3 registros salvos em 'C://Nuvem//POS//Mineração de Texto na Web//Desafio1//ofertas_calculadas.csv'.
2025-12-05 11:46:12,913 - INFO - --- FIM DO PIPELINE ETL ---
2025-12-05 11:46:37,983 - INFO - --- INÍCIO DO PIPELINE ETL ---
2025-12-05 11:46:37,983 - INFO - Iniciando Extração dos Produtos.
2025-12-05 11:46:37,983 - WARNING - Produto 'P002' - 'Notebook Ultraline' ignorado por falta da tag desconto.
2025-12-05 11:46:37,983 - INFO - Iniciando Transformação de dados.
2025-12-05 11:46:37,985 - INFO - Conversão Numérica
2025-12-05 11:46:37,987 - INFO - Transformando desconto (Ex: 10% OFF) em float (desconto_percentual).
2025-12-05 11:46:37,988 - INFO - Normalizando a avaliação para uma escala de 0 a 100 (avaliacao_percentual)
2025-12-05 11:46:37,990 - INFO - Formatação de Data
2025-12-05 11:46:37,991 - INFO - Cálculo do preço líquido
2025-12-05 11:46:37,992 - INFO - Transformação Concluída. DataFrame transformado contém:
2025-12-05 11:46:37,993 - INFO - Dimensões: (3, 6)
2025-12-05 11:46:37,993 - INFO - Colunas: ['nome', 'preco_numerico', 'desconto_percentual', 'preco_liquido', 'avaliacao_percentual', 'data']
2025-12-05 11:46:37,994 - INFO - Iniciando Carregamento de dados para o arquivo: C://Nuvem//POS//Mineração de Texto na Web//Desafio1//ofertas_calculadas.csv
2025-12-05 11:46:38,056 - INFO - Carregamento Concluído. 3 registros salvos em 'C://Nuvem//POS//Mineração de Texto na Web//Desafio1//ofertas_calculadas.csv'.
2025-12-05 11:46:38,056 - INFO - --- FIM DO PIPELINE ETL ---
2025-12-05 11:48:16,075 - INFO - --- INÍCIO DO PIPELINE ETL ---
2025-12-05 11:48:16,075 - INFO - Iniciando Extração dos Produtos.
2025-12-05 11:48:16,077 - WARNING - Produto 'P002' - 'Notebook Ultraline' ignorado por falta da tag desconto.
2025-12-05 11:48:16,077 - INFO - Iniciando Transformação de dados.
2025-12-05 11:48:16,077 - INFO - Conversão Numérica
2025-12-05 11:48:16,081 - INFO - Transformando desconto (Ex: 10% OFF) em float (desconto_percentual).
2025-12-05 11:48:16,082 - INFO - Normalizando a avaliação para uma escala de 0 a 100 (avaliacao_percentual)
2025-12-05 11:48:16,083 - INFO - Formatação de Data
2025-12-05 11:48:16,083 - INFO - Cálculo do preço líquido
2025-12-05 11:48:16,085 - INFO - Transformação Concluída. DataFrame transformado contém:
2025-12-05 11:48:16,085 - INFO - Dimensões: (3, 6)
2025-12-05 11:48:16,085 - INFO - Colunas: ['nome', 'preco_numerico', 'desconto_percentual', 'preco_liquido', 'avaliacao_percentual', 'data']
2025-12-05 11:48:16,085 - INFO - Iniciando Carregamento de dados para o arquivo: C://Nuvem//POS//Mineração de Texto na Web//Desafio1//ofertas_calculadas.csv
2025-12-05 11:48:16,143 - INFO - Carregamento Concluído. 3 registros salvos em 'C://Nuvem//POS//Mineração de Texto na Web//Desafio1//ofertas_calculadas.csv'.
2025-12-05 11:48:16,143 - INFO - --- FIM DO PIPELINE ETL ---
2025-12-05 11:49:38,952 - INFO - --- INÍCIO DO PIPELINE ETL ---
2025-12-05 11:49:38,952 - INFO - Iniciando Extração dos Produtos.
2025-12-05 11:49:38,954 - WARNING - Produto 'P002' - 'Notebook Ultraline' ignorado por falta da tag desconto.
2025-12-05 11:49:38,954 - INFO - Iniciando Transformação de dados.
2025-12-05 11:49:38,954 - INFO - Conversão Numérica
2025-12-05 11:49:38,954 - INFO - Transformando desconto (Ex: 10% OFF) em float (desconto_percentual).
2025-12-05 11:49:38,954 - INFO - Normalizando a avaliação para uma escala de 0 a 100 (avaliacao_percentual)
2025-12-05 11:49:38,960 - INFO - Formatação de Data
2025-12-05 11:49:38,960 - INFO - Cálculo do preço líquido
2025-12-05 11:49:38,961 - INFO - Transformação Concluída. DataFrame transformado contém:
2025-12-05 11:49:38,962 - INFO - Dimensões: (3, 6)
2025-12-05 11:49:38,962 - INFO - Colunas: ['nome', 'preco_numerico', 'desconto_percentual', 'preco_liquido', 'avaliacao_percentual', 'data']
2025-12-05 11:49:38,962 - INFO - Iniciando Carregamento de dados para o arquivo: C://Nuvem//POS//Mineração de Texto na Web//Desafio1//ofertas_calculadas.csv
2025-12-05 11:49:39,030 - INFO - Carregamento Concluído. 3 registros salvos em 'C://Nuvem//POS//Mineração de Texto na Web//Desafio1//ofertas_calculadas.csv'.
2025-12-05 11:49:39,030 - INFO - --- FIM DO PIPELINE ETL ---
2025-12-05 11:50:09,305 - INFO - --- INÍCIO DO PIPELINE ETL ---
2025-12-05 11:50:09,306 - INFO - Iniciando Extração dos Produtos.
2025-12-05 11:50:09,306 - WARNING - Produto 'P002' - 'Notebook Ultraline' ignorado por falta da tag desconto.
2025-12-05 11:50:09,306 - INFO - Iniciando Transformação de dados.
2025-12-05 11:50:09,306 - INFO - Conversão Numérica
2025-12-05 11:50:09,308 - INFO - Transformando desconto (Ex: 10% OFF) em float (desconto_percentual).
2025-12-05 11:50:09,310 - INFO - Normalizando a avaliação para uma escala de 0 a 100 (avaliacao_percentual)
2025-12-05 11:50:09,312 - INFO - Formatação de Data
2025-12-05 11:50:09,313 - INFO - Cálculo do preço líquido
2025-12-05 11:50:09,313 - INFO - Transformação Concluída. DataFrame transformado contém:
2025-12-05 11:50:09,314 - INFO - Dimensões: (3, 6)
2025-12-05 11:50:09,314 - INFO - Colunas: ['nome', 'preco_numerico', 'desconto_percentual', 'preco_liquido', 'avaliacao_percentual', 'data']
2025-12-05 11:50:09,315 - INFO - Iniciando Carregamento de dados para o arquivo: C://Nuvem//POS//Mineração de Texto na Web//Desafio1//ofertas_calculadas.csv
2025-12-05 11:50:09,380 - INFO - Carregamento Concluído. 3 registros salvos em 'C://Nuvem//POS//Mineração de Texto na Web//Desafio1//ofertas_calculadas.csv'.
2025-12-05 11:50:09,380 - INFO - --- FIM DO PIPELINE ETL ---
2025-12-05 12:03:19,942 - INFO - --- INÍCIO DO PIPELINE ETL ---
2025-12-05 12:03:19,945 - INFO - Iniciando Extração dos Produtos.
2025-12-05 12:03:19,945 - WARNING - Produto 'P002' - 'Notebook Ultraline' ignorado por falta da tag desconto.
2025-12-05 12:03:19,945 - INFO - Iniciando Transformação de dados.
2025-12-05 12:03:19,945 - INFO - Conversão Numérica
2025-12-05 12:03:19,948 - INFO - Transformando desconto (Ex: 10% OFF) em float (desconto_percentual).
2025-12-05 12:03:19,948 - INFO - Normalizando a avaliação para uma escala de 0 a 100 (avaliacao_percentual)
2025-12-05 12:03:19,950 - INFO - Formatação de Data
2025-12-05 12:03:19,950 - INFO - Cálculo do preço líquido
2025-12-05 12:03:19,952 - INFO - Transformação Concluída. DataFrame transformado contém:
2025-12-05 12:03:19,952 - INFO - Dimensões: (3, 6)
2025-12-05 12:03:19,952 - INFO - Colunas: ['nome', 'preco_numerico', 'desconto_percentual', 'preco_liquido', 'avaliacao_percentual', 'data']
2025-12-05 12:03:19,952 - INFO - Iniciando Carregamento de dados para o arquivo: C://Nuvem//POS//Mineração de Texto na Web//Desafio1//ofertas_calculadas.csv
2025-12-05 12:03:20,015 - INFO - Carregamento Concluído. 3 registros salvos em 'C://Nuvem//POS//Mineração de Texto na Web//Desafio1//ofertas_calculadas.csv'.
2025-12-05 12:03:20,015 - INFO - --- FIM DO PIPELINE ETL ---
